0 silly argv { _: [ 'clean' ],
0 silly argv   lernaVersion: '3.15.0',
0 silly argv   '$0': 'node_modules\\lerna\\cli.js' }
1 notice cli v3.15.0
2 verbose rootPath C:\Users\Desmond\code\admin.elizabethdelrosario.com
3 info Removing the following directories:
4 info clean admin\node_modules
4 info clean api\node_modules
4 info clean database\node_modules
5 info clean removing C:\Users\Desmond\code\admin.elizabethdelrosario.com\admin\node_modules
6 silly rimrafDir C:\Users\Desmond\code\admin.elizabethdelrosario.com\admin\node_modules
7 info clean removing C:\Users\Desmond\code\admin.elizabethdelrosario.com\api\node_modules
8 silly rimrafDir C:\Users\Desmond\code\admin.elizabethdelrosario.com\api\node_modules
9 info clean removing C:\Users\Desmond\code\admin.elizabethdelrosario.com\database\node_modules
10 silly rimrafDir C:\Users\Desmond\code\admin.elizabethdelrosario.com\database\node_modules
11 verbose rimrafDir removed C:\Users\Desmond\code\admin.elizabethdelrosario.com\database\node_modules
12 verbose rimrafDir removed C:\Users\Desmond\code\admin.elizabethdelrosario.com\api\node_modules
13 error Error: Command failed: C:\Program Files\nodejs\node.exe C:\Users\Desmond\code\admin.elizabethdelrosario.com\node_modules\rimraf\bin.js --no-glob C:\Users\Desmond\code\admin.elizabethdelrosario.com\admin\node_modules\
13 error     at makeError (C:\Users\Desmond\code\admin.elizabethdelrosario.com\node_modules\execa\index.js:174:9)
13 error     at Promise.all.then.arr (C:\Users\Desmond\code\admin.elizabethdelrosario.com\node_modules\execa\index.js:278:16)
